2016-12-29 14:50:46  [ main:0 ] - [ ERROR ]  filename=a1  总条数a=5109  errproms=0
2016-12-29 14:50:46  [ main:293 ] - [ ERROR ]  filename=b1  总条数a=5346  errproms=0
2016-12-29 14:50:48  [ main:1900 ] - [ ERROR ]  filename=c1  总条数a=6581  errproms=47
2016-12-29 14:50:48  [ main:1917 ] - [ ERROR ]  filename=d1  总条数a=6586  errproms=47
2016-12-29 14:50:48  [ main:1937 ] - [ ERROR ]  filename=e1  总条数a=6596  errproms=47
2016-12-29 14:50:54  [ main:8774 ] - [ ERROR ]  filename=f1  总条数a=12112  errproms=47
2016-12-29 14:51:48  [ main:62722 ] - [ ERROR ]  filename=g1  总条数a=55217  errproms=47
2016-12-29 14:51:48  [ main:62784 ] - [ ERROR ]  filename=h1  总条数a=55241  errproms=47
2016-12-29 14:52:28  [ main:102532 ] - [ ERROR ]  filename=i1  总条数a=86834  errproms=47
2016-12-29 14:52:37  [ main:111375 ] - [ ERROR ]  filename=j1  总条数a=93925  errproms=47
2016-12-29 14:52:41  [ main:115691 ] - [ ERROR ]  filename=k1  总条数a=97280  errproms=53
2016-12-29 14:52:48  [ main:122740 ] - [ ERROR ]  filename=a2  总条数a=102888  errproms=53
2016-12-29 14:52:49  [ main:123022 ] - [ ERROR ]  filename=b2  总条数a=103132  errproms=53
2016-12-29 14:52:50  [ main:124322 ] - [ ERROR ]  filename=c2  总条数a=104162  errproms=138
2016-12-29 14:52:50  [ main:124348 ] - [ ERROR ]  filename=d2  总条数a=104177  errproms=138
2016-12-29 14:52:50  [ main:124371 ] - [ ERROR ]  filename=e2  总条数a=104187  errproms=138
2016-12-29 14:52:58  [ main:132306 ] - [ ERROR ]  filename=f2  总条数a=110649  errproms=138
2016-12-29 14:53:21  [ main:155780 ] - [ ERROR ]  filename=g2  总条数a=128837  errproms=138
2016-12-29 14:53:21  [ main:155823 ] - [ ERROR ]  filename=h2  总条数a=128864  errproms=138
2016-12-29 14:54:01  [ main:195510 ] - [ ERROR ]  filename=i2  总条数a=160551  errproms=138
2016-12-29 14:54:10  [ main:204409 ] - [ ERROR ]  filename=j2  总条数a=167674  errproms=138
2016-12-29 14:54:14  [ main:207848 ] - [ ERROR ]  filename=k2  总条数a=170582  errproms=142
2016-12-29 14:54:18  [ main:212296 ] - [ ERROR ]  filename=a3  总条数a=174153  errproms=142
2016-12-29 14:54:18  [ main:212593 ] - [ ERROR ]  filename=b3  总条数a=174374  errproms=142
2016-12-29 14:54:19  [ main:213238 ] - [ ERROR ]  filename=c3  总条数a=174914  errproms=219
2016-12-29 14:54:19  [ main:213253 ] - [ ERROR ]  filename=d3  总条数a=174918  errproms=219
2016-12-29 14:54:19  [ main:213276 ] - [ ERROR ]  filename=e3  总条数a=174928  errproms=219
2016-12-29 14:54:28  [ main:221874 ] - [ ERROR ]  filename=f3  总条数a=181860  errproms=219
2016-12-29 14:54:52  [ main:246735 ] - [ ERROR ]  filename=g3  总条数a=202006  errproms=219
2016-12-29 14:54:52  [ main:246763 ] - [ ERROR ]  filename=h3  总条数a=202022  errproms=219
2016-12-29 14:55:35  [ main:289063 ] - [ ERROR ]  filename=i3  总条数a=235320  errproms=219
2016-12-29 14:55:44  [ main:297866 ] - [ ERROR ]  filename=j3  总条数a=242390  errproms=219
2016-12-29 14:55:49  [ main:303239 ] - [ ERROR ]  filename=k3  总条数a=246666  errproms=226
2016-12-29 14:57:23  [ main:397100 ] - [ ERROR ]  filename=a4  总条数a=318982  errproms=226
2016-12-29 14:57:23  [ main:397387 ] - [ ERROR ]  filename=b4  总条数a=319204  errproms=226
2016-12-29 14:57:25  [ main:399263 ] - [ ERROR ]  filename=c4  总条数a=320680  errproms=299
2016-12-29 14:57:25  [ main:399289 ] - [ ERROR ]  filename=d4  总条数a=320695  errproms=299
2016-12-29 14:57:25  [ main:399309 ] - [ ERROR ]  filename=e4  总条数a=320705  errproms=299
2016-12-29 14:57:35  [ main:409123 ] - [ ERROR ]  filename=f4  总条数a=328659  errproms=299
2016-12-29 14:58:31  [ main:465177 ] - [ ERROR ]  filename=g4  总条数a=372663  errproms=299
2016-12-29 14:58:31  [ main:465206 ] - [ ERROR ]  filename=h4  总条数a=372677  errproms=299
2016-12-29 14:58:32  [ main:466579 ] - [ ERROR ]  filename=i4  总条数a=373801  errproms=299
2016-12-29 14:58:34  [ main:467921 ] - [ ERROR ]  filename=j4  总条数a=374866  errproms=299
2016-12-29 14:58:39  [ main:473269 ] - [ ERROR ]  filename=k4  总条数a=379242  errproms=306
2016-12-29 14:58:49  [ main:483548 ] - [ ERROR ]  filename=a5  总条数a=387551  errproms=306
2016-12-29 14:58:50  [ main:483887 ] - [ ERROR ]  filename=b5  总条数a=387790  errproms=306
2016-12-29 14:58:51  [ main:484967 ] - [ ERROR ]  filename=c5  总条数a=388697  errproms=370
2016-12-29 14:58:51  [ main:484975 ] - [ ERROR ]  filename=d5  总条数a=388699  errproms=370
2016-12-29 14:58:51  [ main:484995 ] - [ ERROR ]  filename=e5  总条数a=388709  errproms=370
2016-12-29 14:58:58  [ main:492535 ] - [ ERROR ]  filename=f5  总条数a=394836  errproms=370
2016-12-29 14:59:51  [ main:545810 ] - [ ERROR ]  filename=g5  总条数a=436719  errproms=370
2016-12-29 14:59:52  [ main:545843 ] - [ ERROR ]  filename=h5  总条数a=436732  errproms=370
2016-12-29 15:00:33  [ main:587113 ] - [ ERROR ]  filename=i5  总条数a=470071  errproms=370
2016-12-29 15:00:41  [ main:595616 ] - [ ERROR ]  filename=j5  总条数a=477165  errproms=370
2016-12-29 15:00:47  [ main:601047 ] - [ ERROR ]  filename=k5  总条数a=481600  errproms=376
2016-12-29 15:00:58  [ main:611999 ] - [ ERROR ]  filename=a6  总条数a=490516  errproms=376
2016-12-29 15:00:58  [ main:612281 ] - [ ERROR ]  filename=b6  总条数a=490748  errproms=376
2016-12-29 15:00:59  [ main:613558 ] - [ ERROR ]  filename=c6  总条数a=491790  errproms=437
2016-12-29 15:00:59  [ main:613566 ] - [ ERROR ]  filename=d6  总条数a=491792  errproms=437
2016-12-29 15:00:59  [ main:613587 ] - [ ERROR ]  filename=e6  总条数a=491802  errproms=437
2016-12-29 15:01:06  [ main:620214 ] - [ ERROR ]  filename=f6  总条数a=497208  errproms=437
2016-12-29 15:01:45  [ main:659702 ] - [ ERROR ]  filename=g6  总条数a=529314  errproms=437
2016-12-29 15:01:45  [ main:659726 ] - [ ERROR ]  filename=h6  总条数a=529326  errproms=437
2016-12-29 15:02:27  [ main:700849 ] - [ ERROR ]  filename=i6  总条数a=562665  errproms=437
2016-12-29 15:02:35  [ main:709539 ] - [ ERROR ]  filename=j6  总条数a=569789  errproms=437
2016-12-29 15:02:42  [ main:716278 ] - [ ERROR ]  filename=k6  总条数a=575282  errproms=448
2016-12-29 15:02:49  [ main:723614 ] - [ ERROR ]  filename=a7  总条数a=581227  errproms=448
2016-12-29 15:02:50  [ main:723939 ] - [ ERROR ]  filename=b7  总条数a=581455  errproms=448
2016-12-29 15:02:52  [ main:726349 ] - [ ERROR ]  filename=c7  总条数a=583486  errproms=534
2016-12-29 15:02:52  [ main:726455 ] - [ ERROR ]  filename=d7  总条数a=583553  errproms=534
2016-12-29 15:02:52  [ main:726493 ] - [ ERROR ]  filename=e7  总条数a=583563  errproms=534
2016-12-29 15:03:06  [ main:740760 ] - [ ERROR ]  filename=f7  总条数a=595371  errproms=534
2016-12-29 15:03:52  [ main:786400 ] - [ ERROR ]  filename=g7  总条数a=630871  errproms=534
2016-12-29 15:03:52  [ main:786443 ] - [ ERROR ]  filename=h7  总条数a=630888  errproms=534
2016-12-29 15:04:34  [ main:828390 ] - [ ERROR ]  filename=i7  总条数a=664183  errproms=534
2016-12-29 15:04:43  [ main:837056 ] - [ ERROR ]  filename=j7  总条数a=671248  errproms=534
2016-12-29 15:05:01  [ main:855525 ] - [ ERROR ]  filename=k7  总条数a=686317  errproms=596
2016-12-29 15:05:50  [ main:904423 ] - [ ERROR ]  filename=a8  总条数a=726694  errproms=596
2016-12-29 15:05:50  [ main:904725 ] - [ ERROR ]  filename=b8  总条数a=726927  errproms=596
2016-12-29 15:05:54  [ main:907934 ] - [ ERROR ]  filename=c8  总条数a=729577  errproms=682
2016-12-29 15:05:54  [ main:908014 ] - [ ERROR ]  filename=d8  总条数a=729643  errproms=682
2016-12-29 15:05:54  [ main:908031 ] - [ ERROR ]  filename=e8  总条数a=729653  errproms=682
2016-12-29 15:06:09  [ main:923557 ] - [ ERROR ]  filename=f8  总条数a=742175  errproms=682
2016-12-29 15:07:13  [ main:986925 ] - [ ERROR ]  filename=g8  总条数a=793981  errproms=682
2016-12-29 15:07:13  [ main:986962 ] - [ ERROR ]  filename=h8  总条数a=793999  errproms=682
2016-12-29 15:07:53  [ main:1027595 ] - [ ERROR ]  filename=i8  总条数a=827312  errproms=682
2016-12-29 15:08:02  [ main:1036170 ] - [ ERROR ]  filename=j8  总条数a=834361  errproms=682
2016-12-29 15:08:02  [ main:1036177 ] - [ ERROR ]  filename=k8  总条数a=834363  errproms=682
2016-12-29 15:08:02  [ main:1036182 ] - [ ERROR ]  filename=a9  总条数a=834363  errproms=682
2016-12-29 15:08:02  [ main:1036187 ] - [ ERROR ]  filename=b9  总条数a=834363  errproms=682
2016-12-29 15:08:02  [ main:1036192 ] - [ ERROR ]  filename=c9  总条数a=834363  errproms=682
2016-12-29 15:08:02  [ main:1036196 ] - [ ERROR ]  filename=d9  总条数a=834363  errproms=682
2016-12-29 15:08:02  [ main:1036200 ] - [ ERROR ]  filename=e9  总条数a=834363  errproms=682
2016-12-29 15:08:02  [ main:1036204 ] - [ ERROR ]  filename=f9  总条数a=834363  errproms=682
2016-12-29 15:08:02  [ main:1036208 ] - [ ERROR ]  filename=g9  总条数a=834363  errproms=682
2016-12-29 15:08:02  [ main:1036213 ] - [ ERROR ]  filename=h9  总条数a=834363  errproms=682
2016-12-29 15:08:03  [ main:1036838 ] - [ ERROR ]  filename=i9  总条数a=834861  errproms=682
2016-12-29 15:08:04  [ main:1038110 ] - [ ERROR ]  filename=j9  总条数a=835913  errproms=682
2016-12-29 15:08:04  [ main:1038114 ] - [ ERROR ]  filename=k9  总条数a=835913  errproms=682
2016-12-29 15:08:04  [ main:1038119 ] - [ ERROR ]  filename=a10  总条数a=835913  errproms=682
2016-12-29 15:08:04  [ main:1038424 ] - [ ERROR ]  filename=b10  总条数a=836140  errproms=682
2016-12-29 15:08:04  [ main:1038429 ] - [ ERROR ]  filename=c10  总条数a=836140  errproms=682
2016-12-29 15:08:04  [ main:1038434 ] - [ ERROR ]  filename=d10  总条数a=836140  errproms=682
2016-12-29 15:08:04  [ main:1038454 ] - [ ERROR ]  filename=e10  总条数a=836150  errproms=682
2016-12-29 15:08:04  [ main:1038459 ] - [ ERROR ]  filename=f10  总条数a=836150  errproms=682
2016-12-29 15:08:04  [ main:1038463 ] - [ ERROR ]  filename=g10  总条数a=836150  errproms=682
2016-12-29 15:08:04  [ main:1038467 ] - [ ERROR ]  filename=h10  总条数a=836150  errproms=682
2016-12-29 15:08:47  [ main:1081786 ] - [ ERROR ]  filename=i10  总条数a=871839  errproms=682
2016-12-29 15:08:56  [ main:1090558 ] - [ ERROR ]  filename=j10  总条数a=878951  errproms=682
2016-12-29 15:08:56  [ main:1090564 ] - [ ERROR ]  filename=k10  总条数a=878951  errproms=682
2016-12-29 15:08:56  [ main:1090568 ] - [ ERROR ]  filename=a11  总条数a=878951  errproms=682
2016-12-29 15:08:57  [ main:1090870 ] - [ ERROR ]  filename=b11  总条数a=879177  errproms=682
2016-12-29 15:08:57  [ main:1090874 ] - [ ERROR ]  filename=c11  总条数a=879177  errproms=682
2016-12-29 15:08:57  [ main:1090879 ] - [ ERROR ]  filename=d11  总条数a=879177  errproms=682
2016-12-29 15:08:57  [ main:1090909 ] - [ ERROR ]  filename=e11  总条数a=879187  errproms=682
2016-12-29 15:08:57  [ main:1090912 ] - [ ERROR ]  filename=f11  总条数a=879187  errproms=682
2016-12-29 15:08:57  [ main:1090917 ] - [ ERROR ]  filename=g11  总条数a=879187  errproms=682
2016-12-29 15:08:57  [ main:1090921 ] - [ ERROR ]  filename=h11  总条数a=879187  errproms=682
2016-12-29 15:09:42  [ main:1136723 ] - [ ERROR ]  filename=i11  总条数a=915722  errproms=682
2016-12-29 15:09:44  [ main:1137999 ] - [ ERROR ]  filename=j11  总条数a=916769  errproms=682
2016-12-29 15:09:44  [ main:1138003 ] - [ ERROR ]  filename=k11  总条数a=916769  errproms=682
2016-12-29 15:09:44  [ main:1138007 ] - [ ERROR ]  filename=a12  总条数a=916769  errproms=682
2016-12-29 15:09:44  [ main:1138286 ] - [ ERROR ]  filename=b12  总条数a=916986  errproms=682
2016-12-29 15:09:44  [ main:1138293 ] - [ ERROR ]  filename=c12  总条数a=916986  errproms=682
2016-12-29 15:09:44  [ main:1138298 ] - [ ERROR ]  filename=d12  总条数a=916986  errproms=682
2016-12-29 15:09:44  [ main:1138335 ] - [ ERROR ]  filename=e12  总条数a=916996  errproms=682
2016-12-29 15:09:44  [ main:1138338 ] - [ ERROR ]  filename=f12  总条数a=916996  errproms=682
2016-12-29 15:09:44  [ main:1138344 ] - [ ERROR ]  filename=g12  总条数a=916996  errproms=682
2016-12-29 15:09:44  [ main:1138349 ] - [ ERROR ]  filename=h12  总条数a=916996  errproms=682
2016-12-29 15:10:31  [ main:1184991 ] - [ ERROR ]  filename=i12  总条数a=953987  errproms=682
2016-12-29 15:10:32  [ main:1186250 ] - [ ERROR ]  filename=j12  总条数a=955025  errproms=682
2016-12-29 15:10:32  [ main:1186255 ] - [ ERROR ]  filename=k12  总条数a=955025  errproms=682
2016-12-29 15:10:32  [ main:1186259 ] - [ ERROR ]  filename=a13  总条数a=955025  errproms=682
2016-12-29 15:10:32  [ main:1186557 ] - [ ERROR ]  filename=b13  总条数a=955247  errproms=682
2016-12-29 15:10:32  [ main:1186561 ] - [ ERROR ]  filename=c13  总条数a=955247  errproms=682
2016-12-29 15:10:32  [ main:1186566 ] - [ ERROR ]  filename=d13  总条数a=955247  errproms=682
2016-12-29 15:10:32  [ main:1186588 ] - [ ERROR ]  filename=e13  总条数a=955257  errproms=682
2016-12-29 15:10:32  [ main:1186592 ] - [ ERROR ]  filename=f13  总条数a=955257  errproms=682
2016-12-29 15:10:32  [ main:1186597 ] - [ ERROR ]  filename=g13  总条数a=955257  errproms=682
2016-12-29 15:10:32  [ main:1186602 ] - [ ERROR ]  filename=h13  总条数a=955257  errproms=682
2016-12-29 15:11:18  [ main:1232432 ] - [ ERROR ]  filename=i13  总条数a=992444  errproms=682
2016-12-29 15:11:19  [ main:1233727 ] - [ ERROR ]  filename=j13  总条数a=993449  errproms=682
2016-12-29 15:11:19  [ main:1233732 ] - [ ERROR ]  filename=k13  总条数a=993449  errproms=682
2016-12-29 15:11:19  [ main:1233737 ] - [ ERROR ]  filename=a14  总条数a=993449  errproms=682
2016-12-29 15:11:19  [ main:1233742 ] - [ ERROR ]  filename=b14  总条数a=993449  errproms=682
2016-12-29 15:11:19  [ main:1233747 ] - [ ERROR ]  filename=c14  总条数a=993449  errproms=682
2016-12-29 15:11:19  [ main:1233751 ] - [ ERROR ]  filename=d14  总条数a=993449  errproms=682
2016-12-29 15:11:19  [ main:1233756 ] - [ ERROR ]  filename=e14  总条数a=993449  errproms=682
2016-12-29 15:11:19  [ main:1233760 ] - [ ERROR ]  filename=f14  总条数a=993449  errproms=682
2016-12-29 15:11:19  [ main:1233765 ] - [ ERROR ]  filename=g14  总条数a=993449  errproms=682
2016-12-29 15:11:19  [ main:1233770 ] - [ ERROR ]  filename=h14  总条数a=993449  errproms=682
2016-12-29 15:11:20  [ main:1234347 ] - [ ERROR ]  filename=i14  总条数a=993946  errproms=682
2016-12-29 15:11:21  [ main:1235601 ] - [ ERROR ]  filename=j14  总条数a=994940  errproms=682
2016-12-29 15:11:21  [ main:1235608 ] - [ ERROR ]  filename=k14  总条数a=994940  errproms=682
2016-12-29 15:11:21  [ main:1235613 ] - [ ERROR ]  filename=a15  总条数a=994940  errproms=682
2016-12-29 15:11:21  [ main:1235618 ] - [ ERROR ]  filename=b15  总条数a=994940  errproms=682
2016-12-29 15:11:21  [ main:1235623 ] - [ ERROR ]  filename=c15  总条数a=994940  errproms=682
2016-12-29 15:11:21  [ main:1235628 ] - [ ERROR ]  filename=d15  总条数a=994940  errproms=682
2016-12-29 15:11:21  [ main:1235633 ] - [ ERROR ]  filename=e15  总条数a=994940  errproms=682
2016-12-29 15:11:21  [ main:1235638 ] - [ ERROR ]  filename=f15  总条数a=994940  errproms=682
2016-12-29 15:11:21  [ main:1235643 ] - [ ERROR ]  filename=g15  总条数a=994940  errproms=682
2016-12-29 15:11:21  [ main:1235647 ] - [ ERROR ]  filename=h15  总条数a=994940  errproms=682
2016-12-29 15:11:22  [ main:1236225 ] - [ ERROR ]  filename=i15  总条数a=995426  errproms=682
2016-12-29 15:11:30  [ main:1244791 ] - [ ERROR ]  filename=j15  总条数a=1002466  errproms=682
2016-12-29 15:11:30  [ main:1244796 ] - [ ERROR ]  filename=k15  总条数a=1002466  errproms=682
2016-12-29 15:11:30  [ main:1244801 ] - [ ERROR ]  filename=a16  总条数a=1002466  errproms=682
2016-12-29 15:11:31  [ main:1245073 ] - [ ERROR ]  filename=b16  总条数a=1002693  errproms=682
2016-12-29 15:11:31  [ main:1245077 ] - [ ERROR ]  filename=c16  总条数a=1002693  errproms=682
2016-12-29 15:11:31  [ main:1245081 ] - [ ERROR ]  filename=d16  总条数a=1002693  errproms=682
2016-12-29 15:11:31  [ main:1245098 ] - [ ERROR ]  filename=e16  总条数a=1002703  errproms=682
2016-12-29 15:11:31  [ main:1245102 ] - [ ERROR ]  filename=f16  总条数a=1002703  errproms=682
2016-12-29 15:11:31  [ main:1245106 ] - [ ERROR ]  filename=g16  总条数a=1002703  errproms=682
2016-12-29 15:11:31  [ main:1245110 ] - [ ERROR ]  filename=h16  总条数a=1002703  errproms=682
2016-12-29 15:12:16  [ main:1290591 ] - [ ERROR ]  filename=i16  总条数a=1039890  errproms=682
2016-12-29 15:12:25  [ main:1299161 ] - [ ERROR ]  filename=j16  总条数a=1046926  errproms=682
2016-12-29 15:12:25  [ main:1299165 ] - [ ERROR ]  filename=k16  总条数a=1046926  errproms=682
2016-12-29 15:12:25  [ main:1299170 ] - [ ERROR ]  filename=a17  总条数a=1046926  errproms=682
2016-12-29 15:12:25  [ main:1299467 ] - [ ERROR ]  filename=b17  总条数a=1047154  errproms=682
2016-12-29 15:12:25  [ main:1299471 ] - [ ERROR ]  filename=c17  总条数a=1047154  errproms=682
2016-12-29 15:12:25  [ main:1299475 ] - [ ERROR ]  filename=d17  总条数a=1047154  errproms=682
2016-12-29 15:12:25  [ main:1299497 ] - [ ERROR ]  filename=e17  总条数a=1047164  errproms=682
2016-12-29 15:12:25  [ main:1299501 ] - [ ERROR ]  filename=f17  总条数a=1047164  errproms=682
2016-12-29 15:12:25  [ main:1299505 ] - [ ERROR ]  filename=g17  总条数a=1047164  errproms=682
2016-12-29 15:12:25  [ main:1299510 ] - [ ERROR ]  filename=h17  总条数a=1047164  errproms=682
2016-12-29 15:13:10  [ main:1344708 ] - [ ERROR ]  filename=i17  总条数a=1084229  errproms=682
2016-12-29 15:13:19  [ main:1353265 ] - [ ERROR ]  filename=j17  总条数a=1091304  errproms=682
2016-12-29 15:13:19  [ main:1353271 ] - [ ERROR ]  filename=k17  总条数a=1091304  errproms=682
2016-12-29 15:13:19  [ main:1353277 ] - [ ERROR ]  filename=a18  总条数a=1091304  errproms=682
2016-12-29 15:13:19  [ main:1353598 ] - [ ERROR ]  filename=b18  总条数a=1091538  errproms=682
2016-12-29 15:13:19  [ main:1353602 ] - [ ERROR ]  filename=c18  总条数a=1091538  errproms=682
2016-12-29 15:13:19  [ main:1353606 ] - [ ERROR ]  filename=d18  总条数a=1091538  errproms=682
2016-12-29 15:13:19  [ main:1353636 ] - [ ERROR ]  filename=e18  总条数a=1091548  errproms=682
2016-12-29 15:13:19  [ main:1353641 ] - [ ERROR ]  filename=f18  总条数a=1091548  errproms=682
2016-12-29 15:13:19  [ main:1353645 ] - [ ERROR ]  filename=g18  总条数a=1091548  errproms=682
2016-12-29 15:13:19  [ main:1353650 ] - [ ERROR ]  filename=h18  总条数a=1091548  errproms=682
2016-12-29 15:14:05  [ main:1399696 ] - [ ERROR ]  filename=i18  总条数a=1128508  errproms=682
2016-12-29 15:14:14  [ main:1408278 ] - [ ERROR ]  filename=j18  总条数a=1135549  errproms=682
2016-12-29 15:14:14  [ main:1408282 ] - [ ERROR ]  filename=k18  总条数a=1135549  errproms=682
2016-12-29 15:14:14  [ main:1408287 ] - [ ERROR ]  filename=a19  总条数a=1135549  errproms=682
2016-12-29 15:14:14  [ main:1408560 ] - [ ERROR ]  filename=b19  总条数a=1135760  errproms=682
2016-12-29 15:14:14  [ main:1408564 ] - [ ERROR ]  filename=c19  总条数a=1135760  errproms=682
2016-12-29 15:14:14  [ main:1408568 ] - [ ERROR ]  filename=d19  总条数a=1135760  errproms=682
2016-12-29 15:14:14  [ main:1408584 ] - [ ERROR ]  filename=e19  总条数a=1135770  errproms=682
2016-12-29 15:14:14  [ main:1408587 ] - [ ERROR ]  filename=f19  总条数a=1135770  errproms=682
2016-12-29 15:14:14  [ main:1408591 ] - [ ERROR ]  filename=g19  总条数a=1135770  errproms=682
2016-12-29 15:14:14  [ main:1408596 ] - [ ERROR ]  filename=h19  总条数a=1135770  errproms=682
2016-12-29 15:15:00  [ main:1454356 ] - [ ERROR ]  filename=i19  总条数a=1172765  errproms=682
2016-12-29 15:15:01  [ main:1455600 ] - [ ERROR ]  filename=j19  总条数a=1173771  errproms=682
2016-12-29 15:15:01  [ main:1455605 ] - [ ERROR ]  filename=k19  总条数a=1173771  errproms=682
2016-12-29 15:15:01  [ main:1455609 ] - [ ERROR ]  filename=a20  总条数a=1173771  errproms=682
2016-12-29 15:15:02  [ main:1455946 ] - [ ERROR ]  filename=b20  总条数a=1173994  errproms=682
2016-12-29 15:15:02  [ main:1455953 ] - [ ERROR ]  filename=c20  总条数a=1173994  errproms=682
2016-12-29 15:15:02  [ main:1455957 ] - [ ERROR ]  filename=d20  总条数a=1173994  errproms=682
2016-12-29 15:15:02  [ main:1455979 ] - [ ERROR ]  filename=e20  总条数a=1174004  errproms=682
2016-12-29 15:15:02  [ main:1455983 ] - [ ERROR ]  filename=f20  总条数a=1174004  errproms=682
2016-12-29 15:15:02  [ main:1455987 ] - [ ERROR ]  filename=g20  总条数a=1174004  errproms=682
2016-12-29 15:15:02  [ main:1455991 ] - [ ERROR ]  filename=h20  总条数a=1174004  errproms=682
2016-12-29 15:15:47  [ main:1501444 ] - [ ERROR ]  filename=i20  总条数a=1210749  errproms=682
2016-12-29 15:15:56  [ main:1510063 ] - [ ERROR ]  filename=j20  总条数a=1217746  errproms=682
2016-12-29 15:15:56  [ main:1510068 ] - [ ERROR ]  filename=k20  总条数a=1217746  errproms=682
2016-12-29 15:15:56  [ main:1510072 ] - [ ERROR ]  filename=a21  总条数a=1217746  errproms=682
2016-12-29 15:15:56  [ main:1510077 ] - [ ERROR ]  filename=b21  总条数a=1217746  errproms=682
2016-12-29 15:15:56  [ main:1510081 ] - [ ERROR ]  filename=c21  总条数a=1217746  errproms=682
2016-12-29 15:15:56  [ main:1510084 ] - [ ERROR ]  filename=d21  总条数a=1217746  errproms=682
2016-12-29 15:15:56  [ main:1510088 ] - [ ERROR ]  filename=e21  总条数a=1217746  errproms=682
2016-12-29 15:15:56  [ main:1510093 ] - [ ERROR ]  filename=f21  总条数a=1217746  errproms=682
2016-12-29 15:15:56  [ main:1510097 ] - [ ERROR ]  filename=g21  总条数a=1217746  errproms=682
2016-12-29 15:15:56  [ main:1510102 ] - [ ERROR ]  filename=h21  总条数a=1217746  errproms=682
2016-12-29 15:15:56  [ main:1510326 ] - [ ERROR ]  filename=i21  总条数a=1217924  errproms=682
2016-12-29 15:15:57  [ main:1511583 ] - [ ERROR ]  filename=j21  总条数a=1218928  errproms=682
2016-12-29 15:15:57  [ main:1511587 ] - [ ERROR ]  filename=k21  总条数a=1218928  errproms=682
2016-12-29 15:15:57  [ main:1511592 ] - [ ERROR ]  filename=a22  总条数a=1218928  errproms=682
2016-12-29 15:15:57  [ main:1511595 ] - [ ERROR ]  filename=b22  总条数a=1218928  errproms=682
2016-12-29 15:15:57  [ main:1511599 ] - [ ERROR ]  filename=c22  总条数a=1218928  errproms=682
2016-12-29 15:15:57  [ main:1511604 ] - [ ERROR ]  filename=d22  总条数a=1218928  errproms=682
2016-12-29 15:15:57  [ main:1511609 ] - [ ERROR ]  filename=e22  总条数a=1218928  errproms=682
2016-12-29 15:15:57  [ main:1511614 ] - [ ERROR ]  filename=f22  总条数a=1218928  errproms=682
2016-12-29 15:15:57  [ main:1511618 ] - [ ERROR ]  filename=g22  总条数a=1218928  errproms=682
2016-12-29 15:15:57  [ main:1511623 ] - [ ERROR ]  filename=h22  总条数a=1218928  errproms=682
2016-12-29 15:15:58  [ main:1512110 ] - [ ERROR ]  filename=i22  总条数a=1219326  errproms=682
2016-12-29 15:16:06  [ main:1520729 ] - [ ERROR ]  filename=j22  总条数a=1226291  errproms=682
2016-12-29 15:16:06  [ main:1520734 ] - [ ERROR ]  filename=k22  总条数a=1226291  errproms=682
2016-12-29 15:16:06  [ main:1520738 ] - [ ERROR ]  filename=a23  总条数a=1226291  errproms=682
2016-12-29 15:16:06  [ main:1520743 ] - [ ERROR ]  filename=b23  总条数a=1226291  errproms=682
2016-12-29 15:16:06  [ main:1520748 ] - [ ERROR ]  filename=c23  总条数a=1226291  errproms=682
2016-12-29 15:16:06  [ main:1520753 ] - [ ERROR ]  filename=d23  总条数a=1226291  errproms=682
2016-12-29 15:16:06  [ main:1520758 ] - [ ERROR ]  filename=e23  总条数a=1226291  errproms=682
2016-12-29 15:16:06  [ main:1520762 ] - [ ERROR ]  filename=f23  总条数a=1226291  errproms=682
2016-12-29 15:16:06  [ main:1520767 ] - [ ERROR ]  filename=g23  总条数a=1226291  errproms=682
2016-12-29 15:16:06  [ main:1520771 ] - [ ERROR ]  filename=h23  总条数a=1226291  errproms=682
2016-12-29 15:16:07  [ main:1521313 ] - [ ERROR ]  filename=i23  总条数a=1226736  errproms=682
2016-12-29 15:16:08  [ main:1522505 ] - [ ERROR ]  filename=j23  总条数a=1227723  errproms=682
2016-12-29 15:16:08  [ main:1522510 ] - [ ERROR ]  filename=k23  总条数a=1227723  errproms=682
2016-12-29 15:16:08  [ main:1522515 ] - [ ERROR ]  filename=a24  总条数a=1227723  errproms=682
2016-12-29 15:16:08  [ main:1522520 ] - [ ERROR ]  filename=b24  总条数a=1227723  errproms=682
2016-12-29 15:16:08  [ main:1522528 ] - [ ERROR ]  filename=c24  总条数a=1227723  errproms=682
2016-12-29 15:16:08  [ main:1522533 ] - [ ERROR ]  filename=d24  总条数a=1227723  errproms=682
2016-12-29 15:16:08  [ main:1522537 ] - [ ERROR ]  filename=e24  总条数a=1227723  errproms=682
2016-12-29 15:16:08  [ main:1522541 ] - [ ERROR ]  filename=f24  总条数a=1227723  errproms=682
2016-12-29 15:16:08  [ main:1522546 ] - [ ERROR ]  filename=g24  总条数a=1227723  errproms=682
2016-12-29 15:16:08  [ main:1522550 ] - [ ERROR ]  filename=h24  总条数a=1227723  errproms=682
2016-12-29 15:16:09  [ main:1522991 ] - [ ERROR ]  filename=i24  总条数a=1228098  errproms=682
2016-12-29 15:16:10  [ main:1524198 ] - [ ERROR ]  filename=j24  总条数a=1229070  errproms=682
2016-12-29 15:16:10  [ main:1524203 ] - [ ERROR ]  filename=k24  总条数a=1229070  errproms=682
2016-12-29 15:16:10  [ main:1524207 ] - [ ERROR ]  filename=a25  总条数a=1229070  errproms=682
2016-12-29 15:16:10  [ main:1524211 ] - [ ERROR ]  filename=b25  总条数a=1229070  errproms=682
2016-12-29 15:16:10  [ main:1524216 ] - [ ERROR ]  filename=c25  总条数a=1229070  errproms=682
2016-12-29 15:16:10  [ main:1524220 ] - [ ERROR ]  filename=d25  总条数a=1229070  errproms=682
2016-12-29 15:16:10  [ main:1524225 ] - [ ERROR ]  filename=e25  总条数a=1229070  errproms=682
2016-12-29 15:16:10  [ main:1524230 ] - [ ERROR ]  filename=f25  总条数a=1229070  errproms=682
2016-12-29 15:16:10  [ main:1524234 ] - [ ERROR ]  filename=g25  总条数a=1229070  errproms=682
2016-12-29 15:16:10  [ main:1524238 ] - [ ERROR ]  filename=h25  总条数a=1229070  errproms=682
2016-12-29 15:16:10  [ main:1524708 ] - [ ERROR ]  filename=i25  总条数a=1229461  errproms=682
2016-12-29 15:16:12  [ main:1525899 ] - [ ERROR ]  filename=j25  总条数a=1230419  errproms=682
2016-12-29 15:16:12  [ main:1525904 ] - [ ERROR ]  filename=k25  总条数a=1230419  errproms=682
